<?xml version="1.0" encoding="UTF-8"?>
<coverage generated="1509887661275" clover="3.2.0">
  <project timestamp="1509887661276" name="All files">
    <metrics statements="201" coveredstatements="197" conditionals="69" coveredconditionals="65" methods="44" coveredmethods="43" elements="314" coveredelements="305" complexity="0" loc="201" ncloc="201" packages="5" files="10" classes="10">
      <package name="src">
        <metrics statements="13" coveredstatements="12" conditionals="0" coveredconditionals="0" methods="1" coveredmethods="0"/>
        <file name="app.js" path="/Users/rafaeldelboni/Workspace/koa-api-startup-kit/src/app.js">
          <metrics statements="13" coveredstatements="12" conditionals="0" coveredconditionals="0" methods="1" coveredmethods="0"/>
          <line num="1" count="1" type="stmt"/>
          <line num="2" count="1" type="stmt"/>
          <line num="3" count="1" type="stmt"/>
          <line num="4" count="1" type="stmt"/>
          <line num="6" count="1" type="stmt"/>
          <line num="9" count="1" type="stmt"/>
          <line num="10" count="1" type="stmt"/>
          <line num="11" count="1" type="stmt"/>
          <line num="12" count="1" type="stmt"/>
          <line num="13" count="0" type="stmt"/>
          <line num="16" count="1" type="stmt"/>
          <line num="18" count="1" type="stmt"/>
          <line num="24" count="1" type="stmt"/>
        </file>
      </package>
      <package name="src.database">
        <metrics statements="5" coveredstatements="5" conditionals="16" coveredconditionals="15" methods="0" coveredmethods="0"/>
        <file name="config.js" path="/Users/rafaeldelboni/Workspace/koa-api-startup-kit/src/database/config.js">
          <metrics statements="1" coveredstatements="1" conditionals="14" coveredconditionals="14" methods="0" coveredmethods="0"/>
          <line num="1" count="2" type="stmt"/>
        </file>
        <file name="index.js" path="/Users/rafaeldelboni/Workspace/koa-api-startup-kit/src/database/index.js">
          <metrics statements="4" coveredstatements="4" conditionals="2" coveredconditionals="1" methods="0" coveredmethods="0"/>
          <line num="1" count="2" type="stmt"/>
          <line num="2" count="2" type="stmt"/>
          <line num="3" count="2" type="stmt"/>
          <line num="5" count="2" type="cond" truecount="1" falsecount="1"/>
        </file>
      </package>
      <package name="src.helpers">
        <metrics statements="4" coveredstatements="4" conditionals="2" coveredconditionals="1" methods="0" coveredmethods="0"/>
        <file name="email.js" path="/Users/rafaeldelboni/Workspace/koa-api-startup-kit/src/helpers/email.js">
          <metrics statements="4" coveredstatements="4" conditionals="2" coveredconditionals="1" methods="0" coveredmethods="0"/>
          <line num="1" count="1" type="stmt"/>
          <line num="13" count="1" type="stmt"/>
          <line num="16" count="1" type="cond" truecount="1" falsecount="1"/>
          <line num="35" count="1" type="stmt"/>
        </file>
      </package>
      <package name="src.middlewares">
        <metrics statements="58" coveredstatements="55" conditionals="11" coveredconditionals="10" methods="17" coveredmethods="17"/>
        <file name="auth.js" path="/Users/rafaeldelboni/Workspace/koa-api-startup-kit/src/middlewares/auth.js">
          <metrics statements="37" coveredstatements="35" conditionals="8" coveredconditionals="8" methods="11" coveredmethods="11"/>
          <line num="1" count="2" type="stmt"/>
          <line num="2" count="2" type="stmt"/>
          <line num="3" count="2" type="stmt"/>
          <line num="4" count="2" type="stmt"/>
          <line num="6" count="2" type="stmt"/>
          <line num="8" count="6" type="stmt"/>
          <line num="14" count="4" type="cond" truecount="2" falsecount="0"/>
          <line num="15" count="1" type="stmt"/>
          <line num="16" count="3" type="cond" truecount="2" falsecount="0"/>
          <line num="17" count="1" type="stmt"/>
          <line num="19" count="2" type="stmt"/>
          <line num="20" count="2" type="stmt"/>
          <line num="25" count="6" type="cond" truecount="2" falsecount="0"/>
          <line num="26" count="1" type="stmt"/>
          <line num="27" count="5" type="cond" truecount="2" falsecount="0"/>
          <line num="28" count="1" type="stmt"/>
          <line num="30" count="4" type="stmt"/>
          <line num="31" count="4" type="stmt"/>
          <line num="35" count="2" type="stmt"/>
          <line num="42" count="1" type="stmt"/>
          <line num="43" count="1" type="stmt"/>
          <line num="44" count="1" type="stmt"/>
          <line num="46" count="0" type="stmt"/>
          <line num="52" count="2" type="stmt"/>
          <line num="59" count="3" type="stmt"/>
          <line num="60" count="3" type="stmt"/>
          <line num="61" count="3" type="stmt"/>
          <line num="63" count="0" type="stmt"/>
          <line num="69" count="2" type="stmt"/>
          <line num="70" count="1" type="stmt"/>
          <line num="71" count="1" type="stmt"/>
          <line num="75" count="1" type="stmt"/>
          <line num="80" count="2" type="stmt"/>
          <line num="81" count="3" type="stmt"/>
          <line num="82" count="3" type="stmt"/>
          <line num="86" count="3" type="stmt"/>
          <line num="91" count="2" type="stmt"/>
        </file>
        <file name="koa-joi.js" path="/Users/rafaeldelboni/Workspace/koa-api-startup-kit/src/middlewares/koa-joi.js">
          <metrics statements="7" coveredstatements="7" conditionals="2" coveredconditionals="2" methods="2" coveredmethods="2"/>
          <line num="1" count="3" type="stmt"/>
          <line num="3" count="9" type="stmt"/>
          <line num="4" count="8" type="stmt"/>
          <line num="5" count="8" type="cond" truecount="2" falsecount="0"/>
          <line num="6" count="1" type="stmt"/>
          <line num="7" count="1" type="stmt"/>
          <line num="9" count="7" type="stmt"/>
        </file>
        <file name="logger.js" path="/Users/rafaeldelboni/Workspace/koa-api-startup-kit/src/middlewares/logger.js">
          <metrics statements="14" coveredstatements="13" conditionals="1" coveredconditionals="0" methods="4" coveredmethods="4"/>
          <line num="1" count="2" type="stmt"/>
          <line num="2" count="2" type="stmt"/>
          <line num="4" count="2" type="stmt"/>
          <line num="9" count="2" type="stmt"/>
          <line num="10" count="2" type="stmt"/>
          <line num="11" count="2" type="stmt"/>
          <line num="12" count="9" type="stmt"/>
          <line num="13" count="9" type="stmt"/>
          <line num="14" count="9" type="stmt"/>
          <line num="16" count="0" type="stmt"/>
          <line num="22" count="9" type="stmt"/>
          <line num="23" count="9" type="cond" truecount="0" falsecount="1"/>
          <line num="24" count="1" type="stmt"/>
          <line num="25" count="1" type="stmt"/>
        </file>
      </package>
      <package name="src.users">
        <metrics statements="121" coveredstatements="121" conditionals="40" coveredconditionals="39" methods="26" coveredmethods="26"/>
        <file name="model.js" path="/Users/rafaeldelboni/Workspace/koa-api-startup-kit/src/users/model.js">
          <metrics statements="77" coveredstatements="77" conditionals="36" coveredconditionals="35" methods="15" coveredmethods="15"/>
          <line num="1" count="2" type="stmt"/>
          <line num="2" count="2" type="stmt"/>
          <line num="3" count="2" type="stmt"/>
          <line num="4" count="2" type="stmt"/>
          <line num="6" count="2" type="stmt"/>
          <line num="8" count="2" type="stmt"/>
          <line num="10" count="2" type="stmt"/>
          <line num="24" count="2" type="stmt"/>
          <line num="52" count="2" type="stmt"/>
          <line num="71" count="2" type="stmt"/>
          <line num="72" count="26" type="stmt"/>
          <line num="73" count="26" type="stmt"/>
          <line num="74" count="26" type="stmt"/>
          <line num="75" count="26" type="stmt"/>
          <line num="78" count="2" type="stmt"/>
          <line num="79" count="6" type="stmt"/>
          <line num="82" count="6" type="stmt"/>
          <line num="85" count="2" type="stmt"/>
          <line num="86" count="9" type="stmt"/>
          <line num="88" count="2" type="stmt"/>
          <line num="89" count="8" type="stmt"/>
          <line num="92" count="14" type="stmt"/>
          <line num="93" count="14" type="cond" truecount="2" falsecount="0"/>
          <line num="94" count="3" type="stmt"/>
          <line num="97" count="11" type="stmt"/>
          <line num="101" count="6" type="stmt"/>
          <line num="103" count="6" type="cond" truecount="2" falsecount="0"/>
          <line num="104" count="2" type="stmt"/>
          <line num="107" count="4" type="stmt"/>
          <line num="111" count="2" type="stmt"/>
          <line num="113" count="2" type="cond" truecount="2" falsecount="0"/>
          <line num="114" count="1" type="stmt"/>
          <line num="117" count="1" type="stmt"/>
          <line num="121" count="6" type="cond" truecount="2" falsecount="0"/>
          <line num="125" count="6" type="cond" truecount="2" falsecount="0"/>
          <line num="126" count="1" type="stmt"/>
          <line num="129" count="5" type="cond" truecount="2" falsecount="0"/>
          <line num="130" count="2" type="stmt"/>
          <line num="133" count="3" type="stmt"/>
          <line num="137" count="6" type="stmt"/>
          <line num="139" count="6" type="cond" truecount="2" falsecount="0"/>
          <line num="140" count="1" type="stmt"/>
          <line num="141" count="5" type="cond" truecount="4" falsecount="0"/>
          <line num="144" count="3" type="stmt"/>
          <line num="147" count="2" type="stmt"/>
          <line num="151" count="7" type="cond" truecount="2" falsecount="0"/>
          <line num="152" count="1" type="stmt"/>
          <line num="154" count="6" type="cond" truecount="2" falsecount="0"/>
          <line num="155" count="1" type="stmt"/>
          <line num="158" count="5" type="stmt"/>
          <line num="160" count="5" type="stmt"/>
          <line num="161" count="5" type="stmt"/>
          <line num="168" count="6" type="stmt"/>
          <line num="170" count="4" type="cond" truecount="2" falsecount="0"/>
          <line num="171" count="2" type="stmt"/>
          <line num="172" count="2" type="cond" truecount="4" falsecount="0"/>
          <line num="173" count="1" type="stmt"/>
          <line num="177" count="3" type="cond" truecount="1" falsecount="1"/>
          <line num="178" count="3" type="stmt"/>
          <line num="179" count="3" type="cond" truecount="4" falsecount="0"/>
          <line num="180" count="1" type="stmt"/>
          <line num="184" count="2" type="cond" truecount="2" falsecount="0"/>
          <line num="185" count="1" type="stmt"/>
          <line num="188" count="2" type="stmt"/>
          <line num="190" count="2" type="stmt"/>
          <line num="194" count="4" type="stmt"/>
          <line num="196" count="3" type="stmt"/>
          <line num="201" count="3" type="stmt"/>
          <line num="203" count="3" type="stmt"/>
          <line num="211" count="2" type="stmt"/>
          <line num="213" count="1" type="stmt"/>
          <line num="219" count="1" type="stmt"/>
          <line num="221" count="1" type="stmt"/>
          <line num="225" count="2" type="stmt"/>
          <line num="226" count="2" type="stmt"/>
          <line num="228" count="2" type="stmt"/>
          <line num="231" count="2" type="stmt"/>
        </file>
        <file name="repository.js" path="/Users/rafaeldelboni/Workspace/koa-api-startup-kit/src/users/repository.js">
          <metrics statements="16" coveredstatements="16" conditionals="0" coveredconditionals="0" methods="6" coveredmethods="6"/>
          <line num="1" count="2" type="stmt"/>
          <line num="2" count="2" type="stmt"/>
          <line num="3" count="2" type="stmt"/>
          <line num="5" count="2" type="stmt"/>
          <line num="17" count="11" type="stmt"/>
          <line num="25" count="6" type="stmt"/>
          <line num="33" count="12" type="stmt"/>
          <line num="41" count="27" type="stmt"/>
          <line num="43" count="27" type="stmt"/>
          <line num="44" count="27" type="stmt"/>
          <line num="46" count="27" type="stmt"/>
          <line num="53" count="3" type="stmt"/>
          <line num="55" count="3" type="stmt"/>
          <line num="57" count="3" type="stmt"/>
          <line num="64" count="4" type="stmt"/>
          <line num="70" count="2" type="stmt"/>
        </file>
        <file name="routes.js" path="/Users/rafaeldelboni/Workspace/koa-api-startup-kit/src/users/routes.js">
          <metrics statements="28" coveredstatements="28" conditionals="4" coveredconditionals="4" methods="5" coveredmethods="5"/>
          <line num="1" count="2" type="stmt"/>
          <line num="2" count="2" type="stmt"/>
          <line num="3" count="2" type="stmt"/>
          <line num="5" count="2" type="stmt"/>
          <line num="8" count="2" type="stmt"/>
          <line num="12" count="6" type="stmt"/>
          <line num="13" count="6" type="stmt"/>
          <line num="14" count="6" type="stmt"/>
          <line num="15" count="5" type="stmt"/>
          <line num="19" count="1" type="stmt"/>
          <line num="24" count="3" type="stmt"/>
          <line num="25" count="3" type="stmt"/>
          <line num="27" count="1" type="stmt"/>
          <line num="32" count="4" type="stmt"/>
          <line num="33" count="4" type="stmt"/>
          <line num="34" count="4" type="stmt"/>
          <line num="35" count="4" type="cond" truecount="2" falsecount="0"/>
          <line num="36" count="1" type="stmt"/>
          <line num="38" count="3" type="stmt"/>
          <line num="40" count="2" type="stmt"/>
          <line num="45" count="4" type="stmt"/>
          <line num="46" count="4" type="stmt"/>
          <line num="47" count="4" type="cond" truecount="2" falsecount="0"/>
          <line num="48" count="1" type="stmt"/>
          <line num="50" count="3" type="stmt"/>
          <line num="52" count="2" type="stmt"/>
          <line num="56" count="2" type="stmt"/>
          <line num="63" count="2" type="stmt"/>
        </file>
      </package>
    </metrics>
  </project>
</coverage>
