{"/Users/rafaeldelboni/Workspace/koa-api-startup-kit/src/app.js": {"path":"/Users/rafaeldelboni/Workspace/koa-api-startup-kit/src/app.js","statementMap":{"0":{"start":{"line":1,"column":20},"end":{"line":1,"column":46}},"1":{"start":{"line":2,"column":12},"end":{"line":2,"column":26}},"2":{"start":{"line":3,"column":13},"end":{"line":3,"column":38}},"3":{"start":{"line":4,"column":15},"end":{"line":4,"column":46}},"4":{"start":{"line":6,"column":0},"end":{"line":6,"column":21}},"5":{"start":{"line":9,"column":15},"end":{"line":9,"column":36}},"6":{"start":{"line":10,"column":14},"end":{"line":10,"column":39}},"7":{"start":{"line":11,"column":14},"end":{"line":11,"column":26}},"8":{"start":{"line":12,"column":0},"end":{"line":14,"column":2}},"9":{"start":{"line":13,"column":2},"end":{"line":13,"column":38}},"10":{"start":{"line":16,"column":12},"end":{"line":16,"column":21}},"11":{"start":{"line":18,"column":0},"end":{"line":22,"column":20}},"12":{"start":{"line":24,"column":0},"end":{"line":24,"column":20}}},"fnMap":{"0":{"name":"(anonymous_0)","decl":{"start":{"line":12,"column":15},"end":{"line":12,"column":16}},"loc":{"start":{"line":12,"column":36},"end":{"line":14,"column":1}},"line":12}},"branchMap":{},"s":{"0":1,"1":1,"2":1,"3":1,"4":1,"5":1,"6":1,"7":1,"8":1,"9":0,"10":1,"11":1,"12":1},"f":{"0":0},"b":{},"_coverageSchema":"332fd63041d2c1bcb487cc26dd0d5f7d97098a6c","hash":"44ad89555625815a09daa5fc2b3fdf46a106379a"}
,"/Users/rafaeldelboni/Workspace/koa-api-startup-kit/src/database/config.js": {"path":"/Users/rafaeldelboni/Workspace/koa-api-startup-kit/src/database/config.js","statementMap":{"0":{"start":{"line":1,"column":0},"end":{"line":15,"column":1}}},"fnMap":{},"branchMap":{"0":{"loc":{"start":{"line":4,"column":14},"end":{"line":4,"column":50}},"type":"binary-expr","locations":[{"start":{"line":4,"column":14},"end":{"line":4,"column":37}},{"start":{"line":4,"column":41},"end":{"line":4,"column":50}}],"line":4},"1":{"loc":{"start":{"line":5,"column":10},"end":{"line":5,"column":50}},"type":"binary-expr","locations":[{"start":{"line":5,"column":10},"end":{"line":5,"column":35}},{"start":{"line":5,"column":39},"end":{"line":5,"column":50}}],"line":5},"2":{"loc":{"start":{"line":6,"column":10},"end":{"line":6,"column":45}},"type":"binary-expr","locations":[{"start":{"line":6,"column":10},"end":{"line":6,"column":35}},{"start":{"line":6,"column":39},"end":{"line":6,"column":45}}],"line":6},"3":{"loc":{"start":{"line":7,"column":10},"end":{"line":7,"column":45}},"type":"binary-expr","locations":[{"start":{"line":7,"column":10},"end":{"line":7,"column":35}},{"start":{"line":7,"column":39},"end":{"line":7,"column":45}}],"line":7},"4":{"loc":{"start":{"line":8,"column":14},"end":{"line":8,"column":57}},"type":"binary-expr","locations":[{"start":{"line":8,"column":14},"end":{"line":8,"column":43}},{"start":{"line":8,"column":47},"end":{"line":8,"column":57}}],"line":8},"5":{"loc":{"start":{"line":12,"column":9},"end":{"line":12,"column":43}},"type":"binary-expr","locations":[{"start":{"line":12,"column":9},"end":{"line":12,"column":38}},{"start":{"line":12,"column":42},"end":{"line":12,"column":43}}],"line":12},"6":{"loc":{"start":{"line":13,"column":9},"end":{"line":13,"column":44}},"type":"binary-expr","locations":[{"start":{"line":13,"column":9},"end":{"line":13,"column":38}},{"start":{"line":13,"column":42},"end":{"line":13,"column":44}}],"line":13}},"s":{"0":2},"f":{},"b":{"0":[2,2],"1":[2,2],"2":[2,2],"3":[2,2],"4":[2,2],"5":[2,2],"6":[2,2]},"_coverageSchema":"332fd63041d2c1bcb487cc26dd0d5f7d97098a6c","hash":"a13c7864f071728e4f14c819376effb268b30bce"}
,"/Users/rafaeldelboni/Workspace/koa-api-startup-kit/src/database/index.js": {"path":"/Users/rafaeldelboni/Workspace/koa-api-startup-kit/src/database/index.js","statementMap":{"0":{"start":{"line":1,"column":13},"end":{"line":1,"column":28}},"1":{"start":{"line":2,"column":15},"end":{"line":2,"column":34}},"2":{"start":{"line":3,"column":13},"end":{"line":3,"column":25}},"3":{"start":{"line":5,"column":0},"end":{"line":5,"column":37}}},"fnMap":{},"branchMap":{"0":{"loc":{"start":{"line":5,"column":17},"end":{"line":5,"column":37}},"type":"binary-expr","locations":[{"start":{"line":5,"column":17},"end":{"line":5,"column":21}},{"start":{"line":5,"column":25},"end":{"line":5,"column":37}}],"line":5}},"s":{"0":2,"1":2,"2":2,"3":2},"f":{},"b":{"0":[2,0]},"_coverageSchema":"332fd63041d2c1bcb487cc26dd0d5f7d97098a6c","hash":"377bc7e707ed7e65f6cdcc7cbde44a7e9da18f90"}
,"/Users/rafaeldelboni/Workspace/koa-api-startup-kit/src/helpers/email.js": {"path":"/Users/rafaeldelboni/Workspace/koa-api-startup-kit/src/helpers/email.js","statementMap":{"0":{"start":{"line":1,"column":19},"end":{"line":1,"column":40}},"1":{"start":{"line":13,"column":4},"end":{"line":13,"column":15}},"2":{"start":{"line":16,"column":2},"end":{"line":33,"column":5}},"3":{"start":{"line":35,"column":0},"end":{"line":35,"column":55}}},"fnMap":{},"branchMap":{"0":{"loc":{"start":{"line":16,"column":2},"end":{"line":33,"column":5}},"type":"cond-expr","locations":[{"start":{"line":17,"column":6},"end":{"line":25,"column":5}},{"start":{"line":26,"column":6},"end":{"line":33,"column":5}}],"line":16}},"s":{"0":1,"1":1,"2":1,"3":1},"f":{},"b":{"0":[0,1]},"_coverageSchema":"332fd63041d2c1bcb487cc26dd0d5f7d97098a6c","hash":"5b2d2c799849b295c5d5e91b8f5bc498fa244c45"}
,"/Users/rafaeldelboni/Workspace/koa-api-startup-kit/src/middlewares/auth.js": {"path":"/Users/rafaeldelboni/Workspace/koa-api-startup-kit/src/middlewares/auth.js","statementMap":{"0":{"start":{"line":1,"column":21},"end":{"line":1,"column":44}},"1":{"start":{"line":2,"column":17},"end":{"line":2,"column":40}},"2":{"start":{"line":3,"column":36},"end":{"line":3,"column":61}},"3":{"start":{"line":4,"column":46},"end":{"line":4,"column":69}},"4":{"start":{"line":6,"column":53},"end":{"line":6,"column":78}},"5":{"start":{"line":8,"column":16},"end":{"line":11,"column":1}},"6":{"start":{"line":8,"column":24},"end":{"line":11,"column":1}},"7":{"start":{"line":14,"column":2},"end":{"line":21,"column":3}},"8":{"start":{"line":15,"column":4},"end":{"line":15,"column":25}},"9":{"start":{"line":16,"column":9},"end":{"line":21,"column":3}},"10":{"start":{"line":17,"column":4},"end":{"line":17,"column":37}},"11":{"start":{"line":19,"column":4},"end":{"line":19,"column":41}},"12":{"start":{"line":20,"column":4},"end":{"line":20,"column":16}},"13":{"start":{"line":25,"column":2},"end":{"line":32,"column":3}},"14":{"start":{"line":26,"column":4},"end":{"line":26,"column":25}},"15":{"start":{"line":27,"column":9},"end":{"line":32,"column":3}},"16":{"start":{"line":28,"column":4},"end":{"line":28,"column":36}},"17":{"start":{"line":30,"column":4},"end":{"line":30,"column":25}},"18":{"start":{"line":31,"column":4},"end":{"line":31,"column":16}},"19":{"start":{"line":35,"column":0},"end":{"line":50,"column":1}},"20":{"start":{"line":42,"column":6},"end":{"line":47,"column":7}},"21":{"start":{"line":43,"column":21},"end":{"line":43,"column":78}},"22":{"start":{"line":44,"column":8},"end":{"line":44,"column":28}},"23":{"start":{"line":46,"column":8},"end":{"line":46,"column":23}},"24":{"start":{"line":52,"column":0},"end":{"line":67,"column":1}},"25":{"start":{"line":59,"column":6},"end":{"line":64,"column":7}},"26":{"start":{"line":60,"column":21},"end":{"line":60,"column":46}},"27":{"start":{"line":61,"column":8},"end":{"line":61,"column":28}},"28":{"start":{"line":63,"column":8},"end":{"line":63,"column":23}},"29":{"start":{"line":69,"column":14},"end":{"line":78,"column":1}},"30":{"start":{"line":70,"column":2},"end":{"line":77,"column":3}},"31":{"start":{"line":71,"column":4},"end":{"line":76,"column":17}},"32":{"start":{"line":75,"column":6},"end":{"line":75,"column":47}},"33":{"start":{"line":80,"column":12},"end":{"line":89,"column":1}},"34":{"start":{"line":81,"column":2},"end":{"line":88,"column":3}},"35":{"start":{"line":82,"column":4},"end":{"line":87,"column":17}},"36":{"start":{"line":86,"column":6},"end":{"line":86,"column":47}},"37":{"start":{"line":91,"column":0},"end":{"line":97,"column":1}}},"fnMap":{"0":{"name":"(anonymous_0)","decl":{"start":{"line":8,"column":16},"end":{"line":8,"column":17}},"loc":{"start":{"line":8,"column":24},"end":{"line":11,"column":1}},"line":8},"1":{"name":"generateJwt","decl":{"start":{"line":13,"column":15},"end":{"line":13,"column":26}},"loc":{"start":{"line":13,"column":52},"end":{"line":22,"column":1}},"line":13},"2":{"name":"validateJwt","decl":{"start":{"line":24,"column":15},"end":{"line":24,"column":26}},"loc":{"start":{"line":24,"column":52},"end":{"line":33,"column":1}},"line":24},"3":{"name":"(anonymous_3)","decl":{"start":{"line":41,"column":4},"end":{"line":41,"column":5}},"loc":{"start":{"line":41,"column":50},"end":{"line":48,"column":5}},"line":41},"4":{"name":"(anonymous_4)","decl":{"start":{"line":58,"column":4},"end":{"line":58,"column":5}},"loc":{"start":{"line":58,"column":39},"end":{"line":65,"column":5}},"line":58},"5":{"name":"(anonymous_5)","decl":{"start":{"line":69,"column":14},"end":{"line":69,"column":15}},"loc":{"start":{"line":69,"column":20},"end":{"line":78,"column":1}},"line":69},"6":{"name":"(anonymous_6)","decl":{"start":{"line":70,"column":9},"end":{"line":70,"column":10}},"loc":{"start":{"line":70,"column":30},"end":{"line":77,"column":3}},"line":70},"7":{"name":"(anonymous_7)","decl":{"start":{"line":71,"column":64},"end":{"line":71,"column":65}},"loc":{"start":{"line":74,"column":6},"end":{"line":76,"column":5}},"line":74},"8":{"name":"(anonymous_8)","decl":{"start":{"line":80,"column":12},"end":{"line":80,"column":13}},"loc":{"start":{"line":80,"column":18},"end":{"line":89,"column":1}},"line":80},"9":{"name":"(anonymous_9)","decl":{"start":{"line":81,"column":9},"end":{"line":81,"column":10}},"loc":{"start":{"line":81,"column":30},"end":{"line":88,"column":3}},"line":81},"10":{"name":"(anonymous_10)","decl":{"start":{"line":82,"column":62},"end":{"line":82,"column":63}},"loc":{"start":{"line":85,"column":6},"end":{"line":87,"column":5}},"line":85}},"branchMap":{"0":{"loc":{"start":{"line":14,"column":2},"end":{"line":21,"column":3}},"type":"if","locations":[{"start":{"line":14,"column":2},"end":{"line":21,"column":3}},{"start":{"line":14,"column":2},"end":{"line":21,"column":3}}],"line":14},"1":{"loc":{"start":{"line":16,"column":9},"end":{"line":21,"column":3}},"type":"if","locations":[{"start":{"line":16,"column":9},"end":{"line":21,"column":3}},{"start":{"line":16,"column":9},"end":{"line":21,"column":3}}],"line":16},"2":{"loc":{"start":{"line":25,"column":2},"end":{"line":32,"column":3}},"type":"if","locations":[{"start":{"line":25,"column":2},"end":{"line":32,"column":3}},{"start":{"line":25,"column":2},"end":{"line":32,"column":3}}],"line":25},"3":{"loc":{"start":{"line":27,"column":9},"end":{"line":32,"column":3}},"type":"if","locations":[{"start":{"line":27,"column":9},"end":{"line":32,"column":3}},{"start":{"line":27,"column":9},"end":{"line":32,"column":3}}],"line":27}},"s":{"0":2,"1":2,"2":2,"3":2,"4":2,"5":2,"6":6,"7":4,"8":1,"9":3,"10":1,"11":2,"12":2,"13":6,"14":1,"15":5,"16":1,"17":4,"18":4,"19":2,"20":1,"21":1,"22":1,"23":0,"24":2,"25":3,"26":3,"27":3,"28":0,"29":2,"30":1,"31":1,"32":1,"33":2,"34":3,"35":3,"36":3,"37":2},"f":{"0":6,"1":4,"2":6,"3":1,"4":3,"5":1,"6":1,"7":1,"8":3,"9":3,"10":3},"b":{"0":[1,3],"1":[1,2],"2":[1,5],"3":[1,4]},"_coverageSchema":"332fd63041d2c1bcb487cc26dd0d5f7d97098a6c","hash":"360b6fd4817e861808640edea0efd47c1022157d"}
,"/Users/rafaeldelboni/Workspace/koa-api-startup-kit/src/middlewares/koa-joi.js": {"path":"/Users/rafaeldelboni/Workspace/koa-api-startup-kit/src/middlewares/koa-joi.js","statementMap":{"0":{"start":{"line":1,"column":12},"end":{"line":1,"column":26}},"1":{"start":{"line":3,"column":0},"end":{"line":10,"column":1}},"2":{"start":{"line":3,"column":27},"end":{"line":10,"column":1}},"3":{"start":{"line":4,"column":18},"end":{"line":4,"column":56}},"4":{"start":{"line":5,"column":2},"end":{"line":8,"column":3}},"5":{"start":{"line":6,"column":4},"end":{"line":6,"column":59}},"6":{"start":{"line":7,"column":4},"end":{"line":7,"column":10}},"7":{"start":{"line":9,"column":2},"end":{"line":9,"column":15}}},"fnMap":{"0":{"name":"(anonymous_0)","decl":{"start":{"line":3,"column":17},"end":{"line":3,"column":18}},"loc":{"start":{"line":3,"column":27},"end":{"line":10,"column":1}},"line":3},"1":{"name":"(anonymous_1)","decl":{"start":{"line":3,"column":27},"end":{"line":3,"column":28}},"loc":{"start":{"line":3,"column":48},"end":{"line":10,"column":1}},"line":3}},"branchMap":{"0":{"loc":{"start":{"line":5,"column":2},"end":{"line":8,"column":3}},"type":"if","locations":[{"start":{"line":5,"column":2},"end":{"line":8,"column":3}},{"start":{"line":5,"column":2},"end":{"line":8,"column":3}}],"line":5}},"s":{"0":3,"1":3,"2":9,"3":8,"4":8,"5":1,"6":1,"7":7},"f":{"0":9,"1":8},"b":{"0":[1,7]},"_coverageSchema":"332fd63041d2c1bcb487cc26dd0d5f7d97098a6c","hash":"44b4c69f9b4d78d2704320edbc37f7d5764c572a"}
,"/Users/rafaeldelboni/Workspace/koa-api-startup-kit/src/middlewares/logger.js": {"path":"/Users/rafaeldelboni/Workspace/koa-api-startup-kit/src/middlewares/logger.js","statementMap":{"0":{"start":{"line":1,"column":16},"end":{"line":1,"column":34}},"1":{"start":{"line":2,"column":19},"end":{"line":2,"column":42}},"2":{"start":{"line":4,"column":16},"end":{"line":7,"column":1}},"3":{"start":{"line":9,"column":0},"end":{"line":19,"column":1}},"4":{"start":{"line":10,"column":27},"end":{"line":10,"column":42}},"5":{"start":{"line":11,"column":2},"end":{"line":18,"column":3}},"6":{"start":{"line":12,"column":4},"end":{"line":12,"column":42}},"7":{"start":{"line":13,"column":4},"end":{"line":17,"column":5}},"8":{"start":{"line":14,"column":6},"end":{"line":14,"column":40}},"9":{"start":{"line":16,"column":6},"end":{"line":16,"column":25}},"10":{"start":{"line":22,"column":17},"end":{"line":22,"column":44}},"11":{"start":{"line":23,"column":2},"end":{"line":26,"column":3}},"12":{"start":{"line":24,"column":4},"end":{"line":24,"column":23}},"13":{"start":{"line":25,"column":4},"end":{"line":25,"column":47}}},"fnMap":{"0":{"name":"(anonymous_0)","decl":{"start":{"line":9,"column":17},"end":{"line":9,"column":18}},"loc":{"start":{"line":9,"column":23},"end":{"line":19,"column":1}},"line":9},"1":{"name":"(anonymous_1)","decl":{"start":{"line":11,"column":9},"end":{"line":11,"column":10}},"loc":{"start":{"line":11,"column":30},"end":{"line":18,"column":3}},"line":11},"2":{"name":"logErrorFactory","decl":{"start":{"line":21,"column":9},"end":{"line":21,"column":24}},"loc":{"start":{"line":21,"column":28},"end":{"line":27,"column":1}},"line":21},"3":{"name":"logAndThrow","decl":{"start":{"line":23,"column":18},"end":{"line":23,"column":29}},"loc":{"start":{"line":23,"column":52},"end":{"line":26,"column":3}},"line":23}},"branchMap":{"0":{"loc":{"start":{"line":23,"column":38},"end":{"line":23,"column":50}},"type":"default-arg","locations":[{"start":{"line":23,"column":47},"end":{"line":23,"column":50}}],"line":23}},"s":{"0":2,"1":2,"2":2,"3":2,"4":2,"5":2,"6":9,"7":9,"8":9,"9":0,"10":9,"11":9,"12":1,"13":1},"f":{"0":2,"1":9,"2":9,"3":1},"b":{"0":[0]},"_coverageSchema":"332fd63041d2c1bcb487cc26dd0d5f7d97098a6c","hash":"5d141123c10d063994ccd52dd542f33f494ce325"}
,"/Users/rafaeldelboni/Workspace/koa-api-startup-kit/src/users/model.js": {"path":"/Users/rafaeldelboni/Workspace/koa-api-startup-kit/src/users/model.js","statementMap":{"0":{"start":{"line":1,"column":12},"end":{"line":1,"column":26}},"1":{"start":{"line":2,"column":15},"end":{"line":2,"column":32}},"2":{"start":{"line":3,"column":15},"end":{"line":3,"column":32}},"3":{"start":{"line":4,"column":15},"end":{"line":4,"column":33}},"4":{"start":{"line":6,"column":19},"end":{"line":6,"column":56}},"5":{"start":{"line":8,"column":19},"end":{"line":8,"column":42}},"6":{"start":{"line":10,"column":20},"end":{"line":22,"column":2}},"7":{"start":{"line":24,"column":21},"end":{"line":50,"column":2}},"8":{"start":{"line":52,"column":21},"end":{"line":69,"column":2}},"9":{"start":{"line":71,"column":28},"end":{"line":76,"column":1}},"10":{"start":{"line":72,"column":2},"end":{"line":72,"column":22}},"11":{"start":{"line":73,"column":2},"end":{"line":73,"column":32}},"12":{"start":{"line":74,"column":2},"end":{"line":74,"column":34}},"13":{"start":{"line":75,"column":2},"end":{"line":75,"column":13}},"14":{"start":{"line":78,"column":16},"end":{"line":83,"column":3}},"15":{"start":{"line":79,"column":2},"end":{"line":83,"column":3}},"16":{"start":{"line":82,"column":20},"end":{"line":82,"column":32}},"17":{"start":{"line":85,"column":29},"end":{"line":86,"column":49}},"18":{"start":{"line":86,"column":2},"end":{"line":86,"column":49}},"19":{"start":{"line":88,"column":32},"end":{"line":89,"column":44}},"20":{"start":{"line":89,"column":2},"end":{"line":89,"column":44}},"21":{"start":{"line":92,"column":15},"end":{"line":92,"column":43}},"22":{"start":{"line":93,"column":2},"end":{"line":95,"column":3}},"23":{"start":{"line":94,"column":4},"end":{"line":94,"column":37}},"24":{"start":{"line":97,"column":2},"end":{"line":97,"column":34}},"25":{"start":{"line":101,"column":15},"end":{"line":101,"column":52}},"26":{"start":{"line":103,"column":2},"end":{"line":105,"column":3}},"27":{"start":{"line":104,"column":4},"end":{"line":104,"column":38}},"28":{"start":{"line":107,"column":2},"end":{"line":107,"column":34}},"29":{"start":{"line":111,"column":15},"end":{"line":111,"column":55}},"30":{"start":{"line":113,"column":2},"end":{"line":115,"column":3}},"31":{"start":{"line":114,"column":4},"end":{"line":114,"column":41}},"32":{"start":{"line":117,"column":2},"end":{"line":117,"column":34}},"33":{"start":{"line":121,"column":15},"end":{"line":123,"column":53}},"34":{"start":{"line":125,"column":2},"end":{"line":127,"column":3}},"35":{"start":{"line":126,"column":4},"end":{"line":126,"column":37}},"36":{"start":{"line":129,"column":2},"end":{"line":131,"column":3}},"37":{"start":{"line":130,"column":4},"end":{"line":130,"column":41}},"38":{"start":{"line":133,"column":2},"end":{"line":133,"column":34}},"39":{"start":{"line":137,"column":15},"end":{"line":137,"column":49}},"40":{"start":{"line":139,"column":2},"end":{"line":145,"column":3}},"41":{"start":{"line":140,"column":4},"end":{"line":140,"column":38}},"42":{"start":{"line":141,"column":9},"end":{"line":145,"column":3}},"43":{"start":{"line":144,"column":4},"end":{"line":144,"column":47}},"44":{"start":{"line":147,"column":2},"end":{"line":147,"column":34}},"45":{"start":{"line":151,"column":2},"end":{"line":153,"column":3}},"46":{"start":{"line":152,"column":4},"end":{"line":152,"column":43}},"47":{"start":{"line":154,"column":2},"end":{"line":156,"column":3}},"48":{"start":{"line":155,"column":4},"end":{"line":155,"column":46}},"49":{"start":{"line":158,"column":2},"end":{"line":158,"column":62}},"50":{"start":{"line":160,"column":18},"end":{"line":160,"column":47}},"51":{"start":{"line":161,"column":2},"end":{"line":164,"column":3}},"52":{"start":{"line":168,"column":2},"end":{"line":168,"column":24}},"53":{"start":{"line":170,"column":2},"end":{"line":175,"column":3}},"54":{"start":{"line":171,"column":25},"end":{"line":171,"column":64}},"55":{"start":{"line":172,"column":4},"end":{"line":174,"column":5}},"56":{"start":{"line":173,"column":6},"end":{"line":173,"column":45}},"57":{"start":{"line":177,"column":2},"end":{"line":182,"column":3}},"58":{"start":{"line":178,"column":25},"end":{"line":178,"column":70}},"59":{"start":{"line":179,"column":4},"end":{"line":181,"column":5}},"60":{"start":{"line":180,"column":6},"end":{"line":180,"column":48}},"61":{"start":{"line":184,"column":2},"end":{"line":186,"column":3}},"62":{"start":{"line":185,"column":4},"end":{"line":185,"column":64}},"63":{"start":{"line":188,"column":2},"end":{"line":188,"column":31}},"64":{"start":{"line":190,"column":2},"end":{"line":190,"column":25}},"65":{"start":{"line":194,"column":23},"end":{"line":194,"column":46}},"66":{"start":{"line":196,"column":15},"end":{"line":200,"column":3}},"67":{"start":{"line":201,"column":2},"end":{"line":201,"column":31}},"68":{"start":{"line":203,"column":2},"end":{"line":207,"column":3}},"69":{"start":{"line":211,"column":23},"end":{"line":211,"column":74}},"70":{"start":{"line":213,"column":15},"end":{"line":218,"column":3}},"71":{"start":{"line":219,"column":2},"end":{"line":219,"column":31}},"72":{"start":{"line":221,"column":2},"end":{"line":221,"column":25}},"73":{"start":{"line":225,"column":2},"end":{"line":225,"column":19}},"74":{"start":{"line":226,"column":2},"end":{"line":226,"column":33}},"75":{"start":{"line":228,"column":2},"end":{"line":228,"column":25}},"76":{"start":{"line":231,"column":0},"end":{"line":247,"column":1}}},"fnMap":{"0":{"name":"(anonymous_0)","decl":{"start":{"line":71,"column":28},"end":{"line":71,"column":29}},"loc":{"start":{"line":71,"column":36},"end":{"line":76,"column":1}},"line":71},"1":{"name":"(anonymous_1)","decl":{"start":{"line":78,"column":16},"end":{"line":78,"column":17}},"loc":{"start":{"line":79,"column":2},"end":{"line":83,"column":3}},"line":79},"2":{"name":"(anonymous_2)","decl":{"start":{"line":82,"column":4},"end":{"line":82,"column":5}},"loc":{"start":{"line":82,"column":20},"end":{"line":82,"column":32}},"line":82},"3":{"name":"(anonymous_3)","decl":{"start":{"line":85,"column":29},"end":{"line":85,"column":30}},"loc":{"start":{"line":86,"column":2},"end":{"line":86,"column":49}},"line":86},"4":{"name":"(anonymous_4)","decl":{"start":{"line":88,"column":32},"end":{"line":88,"column":33}},"loc":{"start":{"line":89,"column":2},"end":{"line":89,"column":44}},"line":89},"5":{"name":"getById","decl":{"start":{"line":91,"column":15},"end":{"line":91,"column":22}},"loc":{"start":{"line":91,"column":28},"end":{"line":98,"column":1}},"line":91},"6":{"name":"getByEmail","decl":{"start":{"line":100,"column":15},"end":{"line":100,"column":25}},"loc":{"start":{"line":100,"column":37},"end":{"line":108,"column":1}},"line":100},"7":{"name":"getByUsername","decl":{"start":{"line":110,"column":15},"end":{"line":110,"column":28}},"loc":{"start":{"line":110,"column":40},"end":{"line":118,"column":1}},"line":110},"8":{"name":"getByUsernameOrEmailAndPassword","decl":{"start":{"line":120,"column":15},"end":{"line":120,"column":46}},"loc":{"start":{"line":120,"column":75},"end":{"line":134,"column":1}},"line":120},"9":{"name":"getByEmailAndPasswordResetToken","decl":{"start":{"line":136,"column":15},"end":{"line":136,"column":46}},"loc":{"start":{"line":136,"column":62},"end":{"line":148,"column":1}},"line":136},"10":{"name":"create","decl":{"start":{"line":150,"column":15},"end":{"line":150,"column":21}},"loc":{"start":{"line":150,"column":29},"end":{"line":165,"column":1}},"line":150},"11":{"name":"update","decl":{"start":{"line":167,"column":15},"end":{"line":167,"column":21}},"loc":{"start":{"line":167,"column":29},"end":{"line":191,"column":1}},"line":167},"12":{"name":"updatePasswordResetToken","decl":{"start":{"line":193,"column":15},"end":{"line":193,"column":39}},"loc":{"start":{"line":193,"column":48},"end":{"line":208,"column":1}},"line":193},"13":{"name":"updatePasswordReset","decl":{"start":{"line":210,"column":15},"end":{"line":210,"column":34}},"loc":{"start":{"line":210,"column":60},"end":{"line":222,"column":1}},"line":210},"14":{"name":"removeById","decl":{"start":{"line":224,"column":15},"end":{"line":224,"column":25}},"loc":{"start":{"line":224,"column":31},"end":{"line":229,"column":1}},"line":224}},"branchMap":{"0":{"loc":{"start":{"line":93,"column":2},"end":{"line":95,"column":3}},"type":"if","locations":[{"start":{"line":93,"column":2},"end":{"line":95,"column":3}},{"start":{"line":93,"column":2},"end":{"line":95,"column":3}}],"line":93},"1":{"loc":{"start":{"line":103,"column":2},"end":{"line":105,"column":3}},"type":"if","locations":[{"start":{"line":103,"column":2},"end":{"line":105,"column":3}},{"start":{"line":103,"column":2},"end":{"line":105,"column":3}}],"line":103},"2":{"loc":{"start":{"line":113,"column":2},"end":{"line":115,"column":3}},"type":"if","locations":[{"start":{"line":113,"column":2},"end":{"line":115,"column":3}},{"start":{"line":113,"column":2},"end":{"line":115,"column":3}}],"line":113},"3":{"loc":{"start":{"line":121,"column":15},"end":{"line":123,"column":53}},"type":"cond-expr","locations":[{"start":{"line":122,"column":6},"end":{"line":122,"column":50}},{"start":{"line":123,"column":6},"end":{"line":123,"column":53}}],"line":121},"4":{"loc":{"start":{"line":125,"column":2},"end":{"line":127,"column":3}},"type":"if","locations":[{"start":{"line":125,"column":2},"end":{"line":127,"column":3}},{"start":{"line":125,"column":2},"end":{"line":127,"column":3}}],"line":125},"5":{"loc":{"start":{"line":129,"column":2},"end":{"line":131,"column":3}},"type":"if","locations":[{"start":{"line":129,"column":2},"end":{"line":131,"column":3}},{"start":{"line":129,"column":2},"end":{"line":131,"column":3}}],"line":129},"6":{"loc":{"start":{"line":139,"column":2},"end":{"line":145,"column":3}},"type":"if","locations":[{"start":{"line":139,"column":2},"end":{"line":145,"column":3}},{"start":{"line":139,"column":2},"end":{"line":145,"column":3}}],"line":139},"7":{"loc":{"start":{"line":141,"column":9},"end":{"line":145,"column":3}},"type":"if","locations":[{"start":{"line":141,"column":9},"end":{"line":145,"column":3}},{"start":{"line":141,"column":9},"end":{"line":145,"column":3}}],"line":141},"8":{"loc":{"start":{"line":141,"column":13},"end":{"line":142,"column":49}},"type":"binary-expr","locations":[{"start":{"line":141,"column":13},"end":{"line":141,"column":46}},{"start":{"line":142,"column":4},"end":{"line":142,"column":49}}],"line":141},"9":{"loc":{"start":{"line":151,"column":2},"end":{"line":153,"column":3}},"type":"if","locations":[{"start":{"line":151,"column":2},"end":{"line":153,"column":3}},{"start":{"line":151,"column":2},"end":{"line":153,"column":3}}],"line":151},"10":{"loc":{"start":{"line":154,"column":2},"end":{"line":156,"column":3}},"type":"if","locations":[{"start":{"line":154,"column":2},"end":{"line":156,"column":3}},{"start":{"line":154,"column":2},"end":{"line":156,"column":3}}],"line":154},"11":{"loc":{"start":{"line":170,"column":2},"end":{"line":175,"column":3}},"type":"if","locations":[{"start":{"line":170,"column":2},"end":{"line":175,"column":3}},{"start":{"line":170,"column":2},"end":{"line":175,"column":3}}],"line":170},"12":{"loc":{"start":{"line":172,"column":4},"end":{"line":174,"column":5}},"type":"if","locations":[{"start":{"line":172,"column":4},"end":{"line":174,"column":5}},{"start":{"line":172,"column":4},"end":{"line":174,"column":5}}],"line":172},"13":{"loc":{"start":{"line":172,"column":8},"end":{"line":172,"column":51}},"type":"binary-expr","locations":[{"start":{"line":172,"column":8},"end":{"line":172,"column":20}},{"start":{"line":172,"column":24},"end":{"line":172,"column":51}}],"line":172},"14":{"loc":{"start":{"line":177,"column":2},"end":{"line":182,"column":3}},"type":"if","locations":[{"start":{"line":177,"column":2},"end":{"line":182,"column":3}},{"start":{"line":177,"column":2},"end":{"line":182,"column":3}}],"line":177},"15":{"loc":{"start":{"line":179,"column":4},"end":{"line":181,"column":5}},"type":"if","locations":[{"start":{"line":179,"column":4},"end":{"line":181,"column":5}},{"start":{"line":179,"column":4},"end":{"line":181,"column":5}}],"line":179},"16":{"loc":{"start":{"line":179,"column":8},"end":{"line":179,"column":51}},"type":"binary-expr","locations":[{"start":{"line":179,"column":8},"end":{"line":179,"column":20}},{"start":{"line":179,"column":24},"end":{"line":179,"column":51}}],"line":179},"17":{"loc":{"start":{"line":184,"column":2},"end":{"line":186,"column":3}},"type":"if","locations":[{"start":{"line":184,"column":2},"end":{"line":186,"column":3}},{"start":{"line":184,"column":2},"end":{"line":186,"column":3}}],"line":184}},"s":{"0":2,"1":2,"2":2,"3":2,"4":2,"5":2,"6":2,"7":2,"8":2,"9":2,"10":26,"11":26,"12":26,"13":26,"14":2,"15":6,"16":6,"17":2,"18":9,"19":2,"20":8,"21":14,"22":14,"23":3,"24":11,"25":6,"26":6,"27":2,"28":4,"29":2,"30":2,"31":1,"32":1,"33":6,"34":6,"35":1,"36":5,"37":2,"38":3,"39":6,"40":6,"41":1,"42":5,"43":3,"44":2,"45":7,"46":1,"47":6,"48":1,"49":5,"50":5,"51":5,"52":6,"53":4,"54":2,"55":2,"56":1,"57":3,"58":3,"59":3,"60":1,"61":2,"62":1,"63":2,"64":2,"65":4,"66":3,"67":3,"68":3,"69":2,"70":1,"71":1,"72":1,"73":2,"74":2,"75":2,"76":2},"f":{"0":26,"1":6,"2":6,"3":9,"4":8,"5":14,"6":6,"7":2,"8":6,"9":6,"10":7,"11":6,"12":4,"13":2,"14":2},"b":{"0":[3,11],"1":[2,4],"2":[1,1],"3":[2,4],"4":[1,5],"5":[2,3],"6":[1,5],"7":[3,2],"8":[5,3],"9":[1,6],"10":[1,5],"11":[2,2],"12":[1,1],"13":[2,2],"14":[3,0],"15":[1,2],"16":[3,1],"17":[1,1]},"_coverageSchema":"332fd63041d2c1bcb487cc26dd0d5f7d97098a6c","hash":"46b6fa5d9406208669450fb711d0d7b7d7bac154"}
,"/Users/rafaeldelboni/Workspace/koa-api-startup-kit/src/users/repository.js": {"path":"/Users/rafaeldelboni/Workspace/koa-api-startup-kit/src/users/repository.js","statementMap":{"0":{"start":{"line":1,"column":18},"end":{"line":1,"column":43}},"1":{"start":{"line":2,"column":15},"end":{"line":2,"column":32}},"2":{"start":{"line":3,"column":11},"end":{"line":3,"column":33}},"3":{"start":{"line":5,"column":16},"end":{"line":14,"column":1}},"4":{"start":{"line":17,"column":2},"end":{"line":21,"column":12}},"5":{"start":{"line":25,"column":2},"end":{"line":29,"column":12}},"6":{"start":{"line":33,"column":2},"end":{"line":37,"column":12}},"7":{"start":{"line":41,"column":2},"end":{"line":41,"column":29}},"8":{"start":{"line":43,"column":2},"end":{"line":43,"column":36}},"9":{"start":{"line":44,"column":2},"end":{"line":44,"column":36}},"10":{"start":{"line":46,"column":2},"end":{"line":49,"column":23}},"11":{"start":{"line":53,"column":2},"end":{"line":53,"column":29}},"12":{"start":{"line":55,"column":2},"end":{"line":55,"column":36}},"13":{"start":{"line":57,"column":2},"end":{"line":60,"column":31}},"14":{"start":{"line":64,"column":2},"end":{"line":67,"column":26}},"15":{"start":{"line":70,"column":0},"end":{"line":77,"column":1}}},"fnMap":{"0":{"name":"getByUsername","decl":{"start":{"line":16,"column":15},"end":{"line":16,"column":28}},"loc":{"start":{"line":16,"column":40},"end":{"line":22,"column":1}},"line":16},"1":{"name":"getByEmail","decl":{"start":{"line":24,"column":15},"end":{"line":24,"column":25}},"loc":{"start":{"line":24,"column":34},"end":{"line":30,"column":1}},"line":24},"2":{"name":"getById","decl":{"start":{"line":32,"column":15},"end":{"line":32,"column":22}},"loc":{"start":{"line":32,"column":28},"end":{"line":38,"column":1}},"line":32},"3":{"name":"create","decl":{"start":{"line":40,"column":15},"end":{"line":40,"column":21}},"loc":{"start":{"line":40,"column":29},"end":{"line":50,"column":1}},"line":40},"4":{"name":"update","decl":{"start":{"line":52,"column":15},"end":{"line":52,"column":21}},"loc":{"start":{"line":52,"column":29},"end":{"line":61,"column":1}},"line":52},"5":{"name":"removeById","decl":{"start":{"line":63,"column":15},"end":{"line":63,"column":25}},"loc":{"start":{"line":63,"column":31},"end":{"line":68,"column":1}},"line":63}},"branchMap":{},"s":{"0":2,"1":2,"2":2,"3":2,"4":11,"5":6,"6":12,"7":27,"8":27,"9":27,"10":27,"11":3,"12":3,"13":3,"14":4,"15":2},"f":{"0":11,"1":6,"2":12,"3":27,"4":3,"5":4},"b":{},"_coverageSchema":"332fd63041d2c1bcb487cc26dd0d5f7d97098a6c","hash":"0606375dcfad5d070c4f1b7162de793071294654"}
,"/Users/rafaeldelboni/Workspace/koa-api-startup-kit/src/users/routes.js": {"path":"/Users/rafaeldelboni/Workspace/koa-api-startup-kit/src/users/routes.js","statementMap":{"0":{"start":{"line":1,"column":13},"end":{"line":1,"column":43}},"1":{"start":{"line":2,"column":19},"end":{"line":2,"column":52}},"2":{"start":{"line":3,"column":15},"end":{"line":3,"column":67}},"3":{"start":{"line":5,"column":14},"end":{"line":5,"column":32}},"4":{"start":{"line":8,"column":2},"end":{"line":8,"column":39}},"5":{"start":{"line":12,"column":15},"end":{"line":12,"column":31}},"6":{"start":{"line":13,"column":2},"end":{"line":20,"column":3}},"7":{"start":{"line":14,"column":20},"end":{"line":14,"column":44}},"8":{"start":{"line":15,"column":4},"end":{"line":17,"column":5}},"9":{"start":{"line":19,"column":4},"end":{"line":19,"column":26}},"10":{"start":{"line":24,"column":2},"end":{"line":28,"column":3}},"11":{"start":{"line":25,"column":4},"end":{"line":25,"column":53}},"12":{"start":{"line":27,"column":4},"end":{"line":27,"column":26}},"13":{"start":{"line":32,"column":15},"end":{"line":32,"column":31}},"14":{"start":{"line":33,"column":2},"end":{"line":33,"column":35}},"15":{"start":{"line":34,"column":2},"end":{"line":41,"column":3}},"16":{"start":{"line":35,"column":4},"end":{"line":37,"column":5}},"17":{"start":{"line":36,"column":6},"end":{"line":36,"column":72}},"18":{"start":{"line":38,"column":4},"end":{"line":38,"column":39}},"19":{"start":{"line":40,"column":4},"end":{"line":40,"column":26}},"20":{"start":{"line":45,"column":17},"end":{"line":45,"column":40}},"21":{"start":{"line":46,"column":2},"end":{"line":53,"column":3}},"22":{"start":{"line":47,"column":4},"end":{"line":49,"column":5}},"23":{"start":{"line":48,"column":6},"end":{"line":48,"column":72}},"24":{"start":{"line":50,"column":4},"end":{"line":50,"column":45}},"25":{"start":{"line":52,"column":4},"end":{"line":52,"column":26}},"26":{"start":{"line":56,"column":0},"end":{"line":61,"column":37}},"27":{"start":{"line":63,"column":0},"end":{"line":70,"column":1}}},"fnMap":{"0":{"name":"postLogin","decl":{"start":{"line":7,"column":15},"end":{"line":7,"column":24}},"loc":{"start":{"line":7,"column":31},"end":{"line":9,"column":1}},"line":7},"1":{"name":"postSignup","decl":{"start":{"line":11,"column":15},"end":{"line":11,"column":25}},"loc":{"start":{"line":11,"column":32},"end":{"line":21,"column":1}},"line":11},"2":{"name":"get","decl":{"start":{"line":23,"column":15},"end":{"line":23,"column":18}},"loc":{"start":{"line":23,"column":25},"end":{"line":29,"column":1}},"line":23},"3":{"name":"put","decl":{"start":{"line":31,"column":15},"end":{"line":31,"column":18}},"loc":{"start":{"line":31,"column":25},"end":{"line":42,"column":1}},"line":31},"4":{"name":"remove","decl":{"start":{"line":44,"column":15},"end":{"line":44,"column":21}},"loc":{"start":{"line":44,"column":28},"end":{"line":54,"column":1}},"line":44}},"branchMap":{"0":{"loc":{"start":{"line":35,"column":4},"end":{"line":37,"column":5}},"type":"if","locations":[{"start":{"line":35,"column":4},"end":{"line":37,"column":5}},{"start":{"line":35,"column":4},"end":{"line":37,"column":5}}],"line":35},"1":{"loc":{"start":{"line":47,"column":4},"end":{"line":49,"column":5}},"type":"if","locations":[{"start":{"line":47,"column":4},"end":{"line":49,"column":5}},{"start":{"line":47,"column":4},"end":{"line":49,"column":5}}],"line":47}},"s":{"0":2,"1":2,"2":2,"3":2,"4":2,"5":6,"6":6,"7":6,"8":5,"9":1,"10":3,"11":3,"12":1,"13":4,"14":4,"15":4,"16":4,"17":1,"18":3,"19":2,"20":4,"21":4,"22":4,"23":1,"24":3,"25":2,"26":2,"27":2},"f":{"0":2,"1":6,"2":3,"3":4,"4":4},"b":{"0":[1,3],"1":[1,3]},"_coverageSchema":"332fd63041d2c1bcb487cc26dd0d5f7d97098a6c","hash":"c83f1ac534fe61b81cd3335022b32e51ee1287bb"}
}
