TN:
SF:/Users/rafaeldelboni/Workspace/koa-api-startup-kit/src/app.js
FN:12,(anonymous_0)
FNF:1
FNH:0
FNDA:0,(anonymous_0)
DA:1,1
DA:2,1
DA:3,1
DA:4,1
DA:6,1
DA:9,1
DA:10,1
DA:11,1
DA:12,1
DA:13,0
DA:16,1
DA:18,1
DA:24,1
LF:13
LH:12
BRF:0
BRH:0
end_of_record
TN:
SF:/Users/rafaeldelboni/Workspace/koa-api-startup-kit/src/database/config.js
FNF:0
FNH:0
DA:1,2
LF:1
LH:1
BRDA:4,0,0,2
BRDA:4,0,1,2
BRDA:5,1,0,2
BRDA:5,1,1,2
BRDA:6,2,0,2
BRDA:6,2,1,2
BRDA:7,3,0,2
BRDA:7,3,1,2
BRDA:8,4,0,2
BRDA:8,4,1,2
BRDA:12,5,0,2
BRDA:12,5,1,2
BRDA:13,6,0,2
BRDA:13,6,1,2
BRF:14
BRH:14
end_of_record
TN:
SF:/Users/rafaeldelboni/Workspace/koa-api-startup-kit/src/database/index.js
FNF:0
FNH:0
DA:1,2
DA:2,2
DA:3,2
DA:5,2
LF:4
LH:4
BRDA:5,0,0,2
BRDA:5,0,1,0
BRF:2
BRH:1
end_of_record
TN:
SF:/Users/rafaeldelboni/Workspace/koa-api-startup-kit/src/helpers/email.js
FNF:0
FNH:0
DA:1,1
DA:13,1
DA:16,1
DA:35,1
LF:4
LH:4
BRDA:16,0,0,0
BRDA:16,0,1,1
BRF:2
BRH:1
end_of_record
TN:
SF:/Users/rafaeldelboni/Workspace/koa-api-startup-kit/src/middlewares/auth.js
FN:8,(anonymous_0)
FN:13,generateJwt
FN:24,validateJwt
FN:41,(anonymous_3)
FN:58,(anonymous_4)
FN:69,(anonymous_5)
FN:70,(anonymous_6)
FN:71,(anonymous_7)
FN:80,(anonymous_8)
FN:81,(anonymous_9)
FN:82,(anonymous_10)
FNF:11
FNH:11
FNDA:6,(anonymous_0)
FNDA:4,generateJwt
FNDA:6,validateJwt
FNDA:1,(anonymous_3)
FNDA:3,(anonymous_4)
FNDA:1,(anonymous_5)
FNDA:1,(anonymous_6)
FNDA:1,(anonymous_7)
FNDA:3,(anonymous_8)
FNDA:3,(anonymous_9)
FNDA:3,(anonymous_10)
DA:1,2
DA:2,2
DA:3,2
DA:4,2
DA:6,2
DA:8,6
DA:14,4
DA:15,1
DA:16,3
DA:17,1
DA:19,2
DA:20,2
DA:25,6
DA:26,1
DA:27,5
DA:28,1
DA:30,4
DA:31,4
DA:35,2
DA:42,1
DA:43,1
DA:44,1
DA:46,0
DA:52,2
DA:59,3
DA:60,3
DA:61,3
DA:63,0
DA:69,2
DA:70,1
DA:71,1
DA:75,1
DA:80,2
DA:81,3
DA:82,3
DA:86,3
DA:91,2
LF:37
LH:35
BRDA:14,0,0,1
BRDA:14,0,1,3
BRDA:16,1,0,1
BRDA:16,1,1,2
BRDA:25,2,0,1
BRDA:25,2,1,5
BRDA:27,3,0,1
BRDA:27,3,1,4
BRF:8
BRH:8
end_of_record
TN:
SF:/Users/rafaeldelboni/Workspace/koa-api-startup-kit/src/middlewares/koa-joi.js
FN:3,(anonymous_0)
FN:3,(anonymous_1)
FNF:2
FNH:2
FNDA:9,(anonymous_0)
FNDA:8,(anonymous_1)
DA:1,3
DA:3,9
DA:4,8
DA:5,8
DA:6,1
DA:7,1
DA:9,7
LF:7
LH:7
BRDA:5,0,0,1
BRDA:5,0,1,7
BRF:2
BRH:2
end_of_record
TN:
SF:/Users/rafaeldelboni/Workspace/koa-api-startup-kit/src/middlewares/logger.js
FN:9,(anonymous_0)
FN:11,(anonymous_1)
FN:21,logErrorFactory
FN:23,logAndThrow
FNF:4
FNH:4
FNDA:2,(anonymous_0)
FNDA:9,(anonymous_1)
FNDA:9,logErrorFactory
FNDA:1,logAndThrow
DA:1,2
DA:2,2
DA:4,2
DA:9,2
DA:10,2
DA:11,2
DA:12,9
DA:13,9
DA:14,9
DA:16,0
DA:22,9
DA:23,9
DA:24,1
DA:25,1
LF:14
LH:13
BRDA:23,0,0,0
BRF:1
BRH:0
end_of_record
TN:
SF:/Users/rafaeldelboni/Workspace/koa-api-startup-kit/src/users/model.js
FN:71,(anonymous_0)
FN:78,(anonymous_1)
FN:82,(anonymous_2)
FN:85,(anonymous_3)
FN:88,(anonymous_4)
FN:91,getById
FN:100,getByEmail
FN:110,getByUsername
FN:120,getByUsernameOrEmailAndPassword
FN:136,getByEmailAndPasswordResetToken
FN:150,create
FN:167,update
FN:193,updatePasswordResetToken
FN:210,updatePasswordReset
FN:224,removeById
FNF:15
FNH:15
FNDA:26,(anonymous_0)
FNDA:6,(anonymous_1)
FNDA:6,(anonymous_2)
FNDA:9,(anonymous_3)
FNDA:8,(anonymous_4)
FNDA:14,getById
FNDA:6,getByEmail
FNDA:2,getByUsername
FNDA:6,getByUsernameOrEmailAndPassword
FNDA:6,getByEmailAndPasswordResetToken
FNDA:7,create
FNDA:6,update
FNDA:4,updatePasswordResetToken
FNDA:2,updatePasswordReset
FNDA:2,removeById
DA:1,2
DA:2,2
DA:3,2
DA:4,2
DA:6,2
DA:8,2
DA:10,2
DA:24,2
DA:52,2
DA:71,2
DA:72,26
DA:73,26
DA:74,26
DA:75,26
DA:78,2
DA:79,6
DA:82,6
DA:85,2
DA:86,9
DA:88,2
DA:89,8
DA:92,14
DA:93,14
DA:94,3
DA:97,11
DA:101,6
DA:103,6
DA:104,2
DA:107,4
DA:111,2
DA:113,2
DA:114,1
DA:117,1
DA:121,6
DA:125,6
DA:126,1
DA:129,5
DA:130,2
DA:133,3
DA:137,6
DA:139,6
DA:140,1
DA:141,5
DA:144,3
DA:147,2
DA:151,7
DA:152,1
DA:154,6
DA:155,1
DA:158,5
DA:160,5
DA:161,5
DA:168,6
DA:170,4
DA:171,2
DA:172,2
DA:173,1
DA:177,3
DA:178,3
DA:179,3
DA:180,1
DA:184,2
DA:185,1
DA:188,2
DA:190,2
DA:194,4
DA:196,3
DA:201,3
DA:203,3
DA:211,2
DA:213,1
DA:219,1
DA:221,1
DA:225,2
DA:226,2
DA:228,2
DA:231,2
LF:77
LH:77
BRDA:93,0,0,3
BRDA:93,0,1,11
BRDA:103,1,0,2
BRDA:103,1,1,4
BRDA:113,2,0,1
BRDA:113,2,1,1
BRDA:121,3,0,2
BRDA:121,3,1,4
BRDA:125,4,0,1
BRDA:125,4,1,5
BRDA:129,5,0,2
BRDA:129,5,1,3
BRDA:139,6,0,1
BRDA:139,6,1,5
BRDA:141,7,0,3
BRDA:141,7,1,2
BRDA:141,8,0,5
BRDA:141,8,1,3
BRDA:151,9,0,1
BRDA:151,9,1,6
BRDA:154,10,0,1
BRDA:154,10,1,5
BRDA:170,11,0,2
BRDA:170,11,1,2
BRDA:172,12,0,1
BRDA:172,12,1,1
BRDA:172,13,0,2
BRDA:172,13,1,2
BRDA:177,14,0,3
BRDA:177,14,1,0
BRDA:179,15,0,1
BRDA:179,15,1,2
BRDA:179,16,0,3
BRDA:179,16,1,1
BRDA:184,17,0,1
BRDA:184,17,1,1
BRF:36
BRH:35
end_of_record
TN:
SF:/Users/rafaeldelboni/Workspace/koa-api-startup-kit/src/users/repository.js
FN:16,getByUsername
FN:24,getByEmail
FN:32,getById
FN:40,create
FN:52,update
FN:63,removeById
FNF:6
FNH:6
FNDA:11,getByUsername
FNDA:6,getByEmail
FNDA:12,getById
FNDA:27,create
FNDA:3,update
FNDA:4,removeById
DA:1,2
DA:2,2
DA:3,2
DA:5,2
DA:17,11
DA:25,6
DA:33,12
DA:41,27
DA:43,27
DA:44,27
DA:46,27
DA:53,3
DA:55,3
DA:57,3
DA:64,4
DA:70,2
LF:16
LH:16
BRF:0
BRH:0
end_of_record
TN:
SF:/Users/rafaeldelboni/Workspace/koa-api-startup-kit/src/users/routes.js
FN:7,postLogin
FN:11,postSignup
FN:23,get
FN:31,put
FN:44,remove
FNF:5
FNH:5
FNDA:2,postLogin
FNDA:6,postSignup
FNDA:3,get
FNDA:4,put
FNDA:4,remove
DA:1,2
DA:2,2
DA:3,2
DA:5,2
DA:8,2
DA:12,6
DA:13,6
DA:14,6
DA:15,5
DA:19,1
DA:24,3
DA:25,3
DA:27,1
DA:32,4
DA:33,4
DA:34,4
DA:35,4
DA:36,1
DA:38,3
DA:40,2
DA:45,4
DA:46,4
DA:47,4
DA:48,1
DA:50,3
DA:52,2
DA:56,2
DA:63,2
LF:28
LH:28
BRDA:35,0,0,1
BRDA:35,0,1,3
BRDA:47,1,0,1
BRDA:47,1,1,3
BRF:4
BRH:4
end_of_record
